#
# A fatal error has been detected by the Java Runtime Environment:
#
#  EXCEPTION_ACCESS_VIOLATION (0xc0000005) at pc=0x00000000579e2357, pid=9352, tid=8988
#
# JRE version:  (8.0_05-b13) (build )
# Java VM: Java HotSpot(TM) 64-Bit Server VM (25.5-b02 mixed mode windows-amd64 compressed oops)
# Problematic frame:
# V  [jvm.dll+0x1f2357]
#
# Failed to write core dump. Minidumps are not enabled by default on client versions of Windows
#
# If you would like to submit a bug report, please visit:
#   http://bugreport.sun.com/bugreport/crash.jsp
#

---------------  T H R E A D  ---------------

Current thread (0x0000000001cce800):  JavaThread "main" [_thread_in_vm, id=8988, stack(0x0000000002240000,0x0000000002340000)]

siginfo: ExceptionCode=0xc0000005, writing address 0x0000000002335f90

Registers:
RAX=0x0000000002335f90, RBX=0x0000000000000007, RCX=0x0000000000006000, RDX=0x000000000000001d
RSP=0x000000000233bf90, RBP=0x0000000000000000, RSI=0x000000000233bf90, RDI=0x0000000000000007
R8 =0x000000000000001d, R9 =0x0000000002166cf0, R10=0x00000000544e7708, R11=0x000000000224a148
R12=0x0000000002166cf0, R13=0x0000000001cce800, R14=0x000000000233c058, R15=0x00000000544e7708
RIP=0x00000000579e2357, EFLAGS=0x0000000000010206

Top of Stack: (sp=0x000000000233bf90)
0x000000000233bf90:   0000000000000000 000000000233c370
0x000000000233bfa0:   0000000001cce800 0000000002166cf0
0x000000000233bfb0:   00000000ffffffff 00000000579e3287
0x000000000233bfc0:   000000000233c0c0 00000000544e7708
0x000000000233bfd0:   0000000001cce800 0000000057861a9d
0x000000000233bfe0:   0000000054dcf880 00000000579e5aa5
0x000000000233bff0:   0000000001cce800 0000000014452308
0x000000000233c000:   00000000544e7708 0000000001cce800
0x000000000233c010:   0000000002620780 00000000578d5221
0x000000000233c020:   0000000014452308 000000000233c750
0x000000000233c030:   000000000233c750 000000000233c750
0x000000000233c040:   0000000001cce800 00000000544e7708
0x000000000233c050:   0000000001cce800 0000000001ccf438
0x000000000233c060:   0000000002171ce8 00000000000083b0
0x000000000233c070:   000000000233c218 0000000000000000
0x000000000233c080:   fffff68000000700 000000000216abf0 

Instructions: (pc=0x00000000579e2357)
0x00000000579e2337:   48 89 6c 24 30 33 ed 66 90 e8 fb 4d 08 00 ff c3
0x00000000579e2347:   48 63 c8 48 8b c6 48 0f af cf 48 ff c7 48 2b c1
0x00000000579e2357:   89 28 48 63 c3 48 3b 05 9d 68 55 00 7e db 48 8b
0x00000000579e2367:   6c 24 30 48 8b 5c 24 38 48 8b 74 24 40 48 83 c4 


Register to memory mapping:

RAX=0x0000000002335f90 is pointing into the stack for thread: 0x0000000001cce800
RBX=0x0000000000000007 is an unknown value
RCX=0x0000000000006000 is an unknown value
RDX=0x000000000000001d is an unknown value
RSP=0x000000000233bf90 is pointing into the stack for thread: 0x0000000001cce800
RBP=0x0000000000000000 is an unknown value
RSI=0x000000000233bf90 is pointing into the stack for thread: 0x0000000001cce800
RDI=0x0000000000000007 is an unknown value
R8 =0x000000000000001d is an unknown value
R9 =0x0000000002166cf0 is an unknown value
R10=0x00000000544e7708 is an unknown value
R11=0x000000000224a148 is pointing into the stack for thread: 0x0000000001cce800
R12=0x0000000002166cf0 is an unknown value
R13=0x0000000001cce800 is a thread
R14=0x000000000233c058 is pointing into the stack for thread: 0x0000000001cce800
R15=0x00000000544e7708 is an unknown value


Stack: [0x0000000002240000,0x0000000002340000],  sp=0x000000000233bf90,  free space=1007k
Native frames: (J=compiled Java code, j=interpreted, Vv=VM code, C=native code)

Java frames: (J=compiled Java code, j=interpreted, Vv=VM code)
j  java.security.AccessController.doPrivileged(Ljava/security/PrivilegedAction;)Ljava/lang/Object;+0
j  java.lang.reflect.Modifier.<clinit>()V+7
v  ~StubRoutines::call_stub
j  sun.reflect.ReflectionFactory.langReflectAccess()Lsun/reflect/LangReflectAccess;+7
j  sun.reflect.ReflectionFactory.copyField(Ljava/lang/reflect/Field;)Ljava/lang/reflect/Field;+0
j  java.lang.Class.searchFields([Ljava/lang/reflect/Field;Ljava/lang/String;)Ljava/lang/reflect/Field;+29
j  java.lang.Class.access$200([Ljava/lang/reflect/Field;Ljava/lang/String;)Ljava/lang/reflect/Field;+2
j  java.lang.Class$Atomic.objectFieldOffset([Ljava/lang/reflect/Field;Ljava/lang/String;)J+2
j  java.lang.Class$Atomic.<clinit>()V+16
v  ~StubRoutines::call_stub
j  java.lang.Class.newReflectionData(Ljava/lang/ref/SoftReference;I)Ljava/lang/Class$ReflectionData;+27
j  java.lang.Class.reflectionData()Ljava/lang/Class$ReflectionData;+45
j  java.lang.Class.privateGetDeclaredFields(Z)[Ljava/lang/reflect/Field;+4
j  java.lang.Class.getDeclaredField(Ljava/lang/String;)Ljava/lang/reflect/Field;+11
j  java.util.concurrent.atomic.AtomicReferenceFieldUpdater$AtomicReferenceFieldUpdaterImpl$1.run()Ljava/lang/reflect/Field;+8
j  java.util.concurrent.atomic.AtomicReferenceFieldUpdater$AtomicReferenceFieldUpdaterImpl$1.run()Ljava/lang/Object;+1
v  ~StubRoutines::call_stub
j  java.security.AccessController.doPrivileged(Ljava/security/PrivilegedExceptionAction;)Ljava/lang/Object;+0
j  java.util.concurrent.atomic.AtomicReferenceFieldUpdater$AtomicReferenceFieldUpdaterImpl.<init>(Ljava/lang/Class;Ljava/lang/Class;Ljava/lang/String;Ljava/lang/Class;)V+14
j  java.util.concurrent.atomic.AtomicReferenceFieldUpdater.newUpdater(Ljava/lang/Class;Ljava/lang/Class;Ljava/lang/String;)Ljava/util/concurrent/atomic/AtomicReferenceFieldUpdater;+10
j  java.io.BufferedInputStream.<clinit>()V+17
v  ~StubRoutines::call_stub
j  java.lang.System.initializeSystemClass()V+70
v  ~StubRoutines::call_stub

---------------  P R O C E S S  ---------------

Java Threads: ( => current thread )
  0x0000000054dd0000 JavaThread "Finalizer" daemon [_thread_blocked, id=8828, stack(0x0000000056330000,0x0000000056430000)]
  0x0000000054dca800 JavaThread "Reference Handler" daemon [_thread_blocked, id=6700, stack(0x0000000056160000,0x0000000056260000)]
=>0x0000000001cce800 JavaThread "main" [_thread_in_vm, id=8988, stack(0x0000000002240000,0x0000000002340000)]

Other Threads:
  0x0000000054dc7000 VMThread [stack: 0x0000000055f30000,0x0000000056030000] [id=9872]

VM state:not at safepoint (normal execution)

VM Mutex/Monitor currently owned by a thread: None

Heap:
 PSYoungGen      total 1024K, used 72K [0x00000000eab00000, 0x00000000eac80000, 0x0000000100000000)
  eden space 512K, 14% used [0x00000000eab00000,0x00000000eab12118,0x00000000eab80000)
  from space 512K, 0% used [0x00000000eac00000,0x00000000eac00000,0x00000000eac80000)
  to   space 512K, 0% used [0x00000000eab80000,0x00000000eab80000,0x00000000eac00000)
 ParOldGen       total 186880K, used 0K [0x00000000c0000000, 0x00000000cb680000, 0x00000000eab00000)
  object space 186880K, 0% used [0x00000000c0000000,0x00000000c0000000,0x00000000cb680000)
 Metaspace       used 1141K, capacity 4480K, committed 4480K, reserved 1056768K
  class space    used 128K, capacity 384K, committed 384K, reserved 1048576K

Card table byte_map: [0x00000000119d0000,0x0000000011be0000] byte_map_base: 0x00000000113d0000

Marking Bits: (ParMarkBitMap*) 0x0000000057fa13b0
 Begin Bits: [0x0000000012240000, 0x0000000013240000)
 End Bits:   [0x0000000013240000, 0x0000000014240000)

Polling page: 0x0000000000130000

CodeCache: size=245760Kb used=402Kb max_used=402Kb free=245357Kb
 bounds [0x0000000002610000, 0x0000000002880000, 0x0000000011610000]
 total_blobs=101 nmethods=0 adapters=77
 compilation: enabled

Compilation events (0 events):
No events

GC Heap History (0 events):
No events

Deoptimization events (0 events):
No events

Internal exceptions (2 events):
Event: 0.042 Thread 0x0000000001cce800 Exception <a 'java/lang/NoSuchMethodError': Method sun.misc.Unsafe.defineClass(Ljava/lang/String;[BII)Ljava/lang/Class; name or signature does not match> (0x00000000eab0f6f8) thrown at [D:\re\workspace\8-2-build-windows-amd64-cygwin\jdk8u5\2488\hotspot\src€.]wU“¥?
Event: 0.042 Thread 0x0000000001cce800 Exception <a 'java/lang/NoSuchMethodError': Method sun.misc.Unsafe.prefetchRead(Ljava/lang/Object;J)V name or signature does not match> (0x00000000eab0f998) thrown at [D:\re\workspace\8-2-build-windows-amd64-cygwin\jdk8u5\2488\hotspot\src\share\vm\prims\jn

Events (10 events):
Event: 0.044 loading class java/lang/Class$AnnotationData
Event: 0.044 loading class java/lang/Class$AnnotationData done
Event: 0.044 loading class sun/reflect/annotation/AnnotationType
Event: 0.044 loading class sun/reflect/annotation/AnnotationType done
Event: 0.044 loading class java/lang/ClassValue$ClassValueMap
Event: 0.044 loading class java/util/WeakHashMap
Event: 0.044 loading class java/util/WeakHashMap done
Event: 0.044 loading class java/lang/ClassValue$ClassValueMap done
Event: 0.045 loading class java/lang/reflect/Modifier
Event: 0.045 loading class java/lang/reflect/Modifier done


Dynamic libraries:
0x000000013f450000 - 0x000000013f484000 	C:\Program Files\Java\jdk1.8.0_05\bin\java.exe
0x0000000077540000 - 0x00000000776e9000 	C:\Windows\SYSTEM32\ntdll.dll
0x0000000077320000 - 0x000000007743f000 	C:\Windows\system32\kernel32.dll
0x000007fefd540000 - 0x000007fefd5ab000 	C:\Windows\system32\KERNELBASE.dll
0x000007fefd930000 - 0x000007fefda0b000 	C:\Windows\system32\ADVAPI32.dll
0x000007feff420000 - 0x000007feff4bf000 	C:\Windows\system32\msvcrt.dll
0x000007fefd870000 - 0x000007fefd88f000 	C:\Windows\SYSTEM32\sechost.dll
0x000007fefed00000 - 0x000007fefee2d000 	C:\Windows\system32\RPCRT4.dll
0x0000000077440000 - 0x000000007753a000 	C:\Windows\system32\USER32.dll
0x000007feff3b0000 - 0x000007feff417000 	C:\Windows\system32\GDI32.dll
0x000007fefd860000 - 0x000007fefd86e000 	C:\Windows\system32\LPK.dll
0x000007fefeb40000 - 0x000007fefec09000 	C:\Windows\system32\USP10.dll
0x000007fefbee0000 - 0x000007fefc0d4000 	C:\Windows\WinSxS\amd64_microsoft.windows.common-controls_6595b64144ccf1df_6.0.7601.17514_none_fa396087175ac9ac\COMCTL32.dll
0x000007fefda10000 - 0x000007fefda81000 	C:\Windows\system32\SHLWAPI.dll
0x000007feff300000 - 0x000007feff32e000 	C:\Windows\system32\IMM32.DLL
0x000007fefefb0000 - 0x000007feff0b9000 	C:\Windows\system32\MSCTF.dll
0x00000000685f0000 - 0x00000000686c2000 	C:\Program Files\Java\jdk1.8.0_05\jre\bin\msvcr100.dll
0x00000000577f0000 - 0x000000005801a000 	C:\Program Files\Java\jdk1.8.0_05\jre\bin\server\jvm.dll
0x000007feee5c0000 - 0x000007feee5c9000 	C:\Windows\system32\WSOCK32.dll
0x000007fefee30000 - 0x000007fefee7d000 	C:\Windows\system32\WS2_32.dll
0x000007fefecf0000 - 0x000007fefecf8000 	C:\Windows\system32\NSI.dll
0x000007fefb590000 - 0x000007fefb5cb000 	C:\Windows\system32\WINMM.dll
0x0000000077710000 - 0x0000000077717000 	C:\Windows\system32\PSAPI.DLL
0x00000000750b0000 - 0x00000000750bf000 	C:\Program Files\Java\jdk1.8.0_05\jre\bin\verify.dll
0x000000006b730000 - 0x000000006b758000 	C:\Program Files\Java\jdk1.8.0_05\jre\bin\java.dll
0x0000000073c40000 - 0x0000000073c56000 	C:\Program Files\Java\jdk1.8.0_05\jre\bin\zip.dll
0x000007fefdb30000 - 0x000007fefe8b8000 	C:\Windows\system32\SHELL32.dll
0x000007feff4c0000 - 0x000007feff6c3000 	C:\Windows\system32\ole32.dll
0x000007fefd490000 - 0x000007fefd49f000 	C:\Windows\system32\profapi.dll
0x000007fef00e0000 - 0x000007fef0205000 	C:\Windows\system32\dbghelp.dll

VM Arguments:
jvm_args: -Xmx1024M -Dfile.encoding=windows-1252 -Duser.country=PE -Duser.language=es -Duser.variant 
java_command: com.android.dx.command.Main --dex --output C:\Users\Rodolfo\Desktop\Ventas\app\build\intermediates\pre-dexed\debug\classes-e0bedf3abb58a491ee7216d0fa777c9f7f3ebecb.jar C:\Users\Rodolfo\Desktop\Ventas\app\build\intermediates\exploded-aar\com.android.support\support-v4\23.0.1\jars\classes.jar
java_class_path (initial): C:\Users\Rodolfo\AppData\Local\Android\sdk\build-tools\22.0.1\lib\dx.jar
Launcher Type: SUN_STANDARD

Environment Variables:
JAVA_HOME=C:\Program Files\Java\jdk1.8.0_05
PATH=C:\ProgramData\Oracle\Java\javapath;C:\Program Files (x86)\Common Files\Intel\Shared Files\cpp\bin\Intel64;C:\Program Files (x86)\AMD APP\bin\x86_64;C:\Program Files (x86)\AMD APP\bin\x86;C:\Windows\system32;C:\Windows;C:\Windows\System32\Wbem;C:\Windows\System32\WindowsPowerShell\v1.0\;C:\Program Files (x86)\ATI Technologies\ATI.ACE\Core-Static;C:\Program Files (x86)\Microsoft ASP.NET\ASP.NET Web Pages\v1.0\;C:\Program Files (x86)\Windows Kits\8.0\Windows Performance Toolkit\;C:\Program Files\Microsoft SQL Server\110\Tools\Binn\;C:\Program Files\nodejs\;C:\Program Files (x86)\Microsoft SQL Server\90\Tools\binn\;C:\Program Files\Microsoft SQL Server\110\DTS\Binn\;C:\Program Files (x86)\Microsoft SQL Server\110\Tools\Binn\;C:\Program Files (x86)\Microsoft SQL Server\110\Tools\Binn\ManagementStudio\;C:\Program Files (x86)\Microsoft Visual Studio 10.0\Common7\IDE\PrivateAssemblies\;C:\Program Files (x86)\Microsoft SQL Server\110\DTS\Binn\;C:\Program Files (x86)\Microsoft Visual Studio 11.0\Common7\IDE\PrivateAssemblies\;C:\Program Files (x86)\Microsoft SQL Server\100\Tools\Binn\;C:\Program Files\Microsoft SQL Server\100\Tools\Binn\;C:\Program Files\Microsoft SQL Server\100\DTS\Binn\;C:\Program Files (x86)\Microsoft SQL Server\100\Tools\Binn\VSShell\Common7\IDE\;C:\Program Files (x86)\Microsoft Visual Studio 9.0\Common7\IDE\PrivateAssemblies\;C:\Program Files (x86)\Microsoft SQL Server\100\DTS\Binn\;C:\Program Files\Microsoft\Web Platform Installer\;C:\Users\Rodolfo\AppData\Roaming\npm;C:\Program Files (x86)\Java\jdk1.7.0_40\bin
USERNAME=Rodolfo
OS=Windows_NT
PROCESSOR_IDENTIFIER=AMD64 Family 21 Model 16 Stepping 1, AuthenticAMD



---------------  S Y S T E M  ---------------

OS: Windows 7 , 64 bit Build 7601 Service Pack 1

CPU:total 4 (4 cores per cpu, 1 threads per core) family 21 model 16 stepping 1, cmov, cx8, fxsr, mmx, sse, sse2, sse3, ssse3, sse4.1, sse4.2, popcnt, avx, aes, clmul, mmxext, 3dnowpref, lzcnt, sse4a, tsc, tscinvbit

Memory: 4k page, physical 12007892k(1659620k free), swap 12006048k(259600k free)

vm_info: Java HotSpot(TM) 64-Bit Server VM (25.5-b02) for windows-amd64 JRE (1.8.0_05-b13), built on Mar 18 2014 01:08:39 by "java_re" with MS VC++ 10.0 (VS2010)

time: Thu Sep 10 19:43:58 2015
elapsed time: 0 seconds

