#
# There is insufficient memory for the Java Runtime Environment to continue.
# Native memory allocation (malloc) failed to allocate 1225296 bytes for Chunk::new
# Possible reasons:
#   The system is out of physical RAM or swap space
#   In 32 bit mode, the process size limit was hit
# Possible solutions:
#   Reduce memory load on the system
#   Increase physical memory or swap space
#   Check if swap backing store is full
#   Use 64 bit Java on a 64 bit OS
#   Decrease Java heap size (-Xmx/-Xms)
#   Decrease number of Java threads
#   Decrease Java thread stack sizes (-Xss)
#   Set larger code cache with -XX:ReservedCodeCacheSize=
# This output file may be truncated or incomplete.
#
#  Out of Memory Error (allocation.cpp:388), pid=10220, tid=8388
#
# JRE version: Java(TM) SE Runtime Environment (8.0_05-b13) (build 1.8.0_05-b13)
# Java VM: Java HotSpot(TM) 64-Bit Server VM (25.5-b02 mixed mode windows-amd64 compressed oops)
# Failed to write core dump. Minidumps are not enabled by default on client versions of Windows
#

---------------  T H R E A D  ---------------

Current thread (0x00000000165d1800):  JavaThread "C2 CompilerThread0" daemon [_thread_in_native, id=8388, stack(0x0000000015fb0000,0x00000000160b0000)]

Stack: [0x0000000015fb0000,0x00000000160b0000]
Native frames: (J=compiled Java code, j=interpreted, Vv=VM code, C=native code)
V  [jvm.dll+0x308dea]


Current CompileTask:
C2:   1575 1200   !   4       com.android.dx.cf.code.BytecodeArray::parseInstruction (2764 bytes)


---------------  P R O C E S S  ---------------

Java Threads: ( => current thread )
  0x0000000016637800 JavaThread "Service Thread" daemon [_thread_blocked, id=10068, stack(0x0000000016dc0000,0x0000000016ec0000)]
  0x000000001661a000 JavaThread "C1 CompilerThread2" daemon [_thread_blocked, id=6628, stack(0x0000000016ca0000,0x0000000016da0000)]
  0x00000000165d9000 JavaThread "C2 CompilerThread1" daemon [_thread_blocked, id=7680, stack(0x0000000016b30000,0x0000000016c30000)]
=>0x00000000165d1800 JavaThread "C2 CompilerThread0" daemon [_thread_in_native, id=8388, stack(0x0000000015fb0000,0x00000000160b0000)]
  0x00000000165d0800 JavaThread "Attach Listener" daemon [_thread_blocked, id=8356, stack(0x0000000016a20000,0x0000000016b20000)]
  0x00000000150a5000 JavaThread "Signal Dispatcher" daemon [_thread_blocked, id=5640, stack(0x0000000016210000,0x0000000016310000)]
  0x0000000015046000 JavaThread "Finalizer" daemon [_thread_blocked, id=10236, stack(0x00000000164d0000,0x00000000165d0000)]
  0x000000001503b000 JavaThread "Reference Handler" daemon [_thread_blocked, id=7984, stack(0x0000000016320000,0x0000000016420000)]
  0x00000000021df000 JavaThread "main" [_thread_in_native, id=2876, stack(0x0000000002310000,0x0000000002410000)]

Other Threads:
  0x0000000015037800 VMThread [stack: 0x00000000160d0000,0x00000000161d0000] [id=8620]
  0x000000001663a800 WatcherThread [stack: 0x0000000016ff0000,0x00000000170f0000] [id=9916]

VM state:not at safepoint (normal execution)

VM Mutex/Monitor currently owned by a thread: None

Heap:
 PSYoungGen      total 10240K, used 5437K [0x00000000eab00000, 0x00000000ebe00000, 0x0000000100000000)
  eden space 7680K, 37% used [0x00000000eab00000,0x00000000eadd1930,0x00000000eb280000)
  from space 2560K, 99% used [0x00000000eb280000,0x00000000eb4fdae0,0x00000000eb500000)
  to   space 3584K, 0% used [0x00000000eba80000,0x00000000eba80000,0x00000000ebe00000)
 ParOldGen       total 186880K, used 3221K [0x00000000c0000000, 0x00000000cb680000, 0x00000000eab00000)
  object space 186880K, 1% used [0x00000000c0000000,0x00000000c03257b0,0x00000000cb680000)
 Metaspace       used 5339K, capacity 6704K, committed 6784K, reserved 1056768K
  class space    used 549K, capacity 616K, committed 640K, reserved 1048576K

Card table byte_map: [0x0000000011aa0000,0x0000000011cb0000] byte_map_base: 0x00000000114a0000

Marking Bits: (ParMarkBitMap*) 0x00000000566d13b0
 Begin Bits: [0x00000000124b0000, 0x00000000134b0000)
 End Bits:   [0x00000000134b0000, 0x00000000144b0000)

Polling page: 0x0000000001c60000

CodeCache: size=245760Kb used=4712Kb max_used=4720Kb free=241047Kb
 bounds [0x00000000026e0000, 0x0000000002b90000, 0x00000000116e0000]
 total_blobs=1483 nmethods=1224 adapters=174
 compilation: enabled

Compilation events (10 events):
Event: 1.407 Thread 0x000000001661a000 nmethod 1223 0x0000000002b67a10 code [0x0000000002b67b80, 0x0000000002b67ce8]
Event: 1.411 Thread 0x00000000165d9000 nmethod 1210 0x0000000002b7e450 code [0x0000000002b7e660, 0x0000000002b7f428]
Event: 1.411 Thread 0x00000000165d9000 1205       4       java.util.ArrayList::toArray (12 bytes)
Event: 1.413 Thread 0x00000000165d9000 nmethod 1205 0x0000000002b72710 code [0x0000000002b72860, 0x0000000002b729f8]
Event: 1.413 Thread 0x00000000165d9000 1196       4       com.android.dx.rop.cst.CstBaseMethodRef::compareTo0 (29 bytes)
Event: 1.415 Thread 0x00000000165d9000 nmethod 1196 0x0000000002b7aa50 code [0x0000000002b7abc0, 0x0000000002b7af28]
Event: 1.415 Thread 0x00000000165d9000 1209       4       java.util.ArrayList::<init> (53 bytes)
Event: 1.417 Thread 0x00000000165d9000 nmethod 1209 0x0000000002b80310 code [0x0000000002b80460, 0x0000000002b806b8]
Event: 1.417 Thread 0x00000000165d9000 1216       4       com.android.dx.rop.code.Rop::isCommutative (60 bytes)
Event: 1.418 Thread 0x00000000165d9000 nmethod 1216 0x0000000002ac36d0 code [0x0000000002ac3800, 0x0000000002ac3878]

GC Heap History (10 events):
Event: 0.591 GC heap before
{Heap before GC invocations=5 (full 0):
 PSYoungGen      total 2560K, used 2560K [0x00000000eab00000, 0x00000000eae00000, 0x0000000100000000)
  eden space 2048K, 100% used [0x00000000eab00000,0x00000000ead00000,0x00000000ead00000)
  from space 512K, 100% used [0x00000000ead80000,0x00000000eae00000,0x00000000eae00000)
  to   space 512K, 0% used [0x00000000ead00000,0x00000000ead00000,0x00000000ead80000)
 ParOldGen       total 186880K, used 704K [0x00000000c0000000, 0x00000000cb680000, 0x00000000eab00000)
  object space 186880K, 0% used [0x00000000c0000000,0x00000000c00b0098,0x00000000cb680000)
 Metaspace       used 4233K, capacity 5744K, committed 6016K, reserved 1056768K
  class space    used 472K, capacity 552K, committed 640K, reserved 1048576K
Event: 0.596 GC heap after
Heap after GC invocations=5 (full 0):
 PSYoungGen      total 2560K, used 480K [0x00000000eab00000, 0x00000000eb200000, 0x0000000100000000)
  eden space 2048K, 0% used [0x00000000eab00000,0x00000000eab00000,0x00000000ead00000)
  from space 512K, 93% used [0x00000000ead00000,0x00000000ead78020,0x00000000ead80000)
  to   space 1536K, 0% used [0x00000000eb080000,0x00000000eb080000,0x00000000eb200000)
 ParOldGen       total 186880K, used 1302K [0x00000000c0000000, 0x00000000cb680000, 0x00000000eab00000)
  object space 186880K, 0% used [0x00000000c0000000,0x00000000c0145a18,0x00000000cb680000)
 Metaspace       used 4233K, capacity 5744K, committed 6016K, reserved 1056768K
  class space    used 472K, capacity 552K, committed 640K, reserved 1048576K
}
Event: 0.770 GC heap before
{Heap before GC invocations=6 (full 0):
 PSYoungGen      total 2560K, used 2525K [0x00000000eab00000, 0x00000000eb200000, 0x0000000100000000)
  eden space 2048K, 99% used [0x00000000eab00000,0x00000000eacff568,0x00000000ead00000)
  from space 512K, 93% used [0x00000000ead00000,0x00000000ead78020,0x00000000ead80000)
  to   space 1536K, 0% used [0x00000000eb080000,0x00000000eb080000,0x00000000eb200000)
 ParOldGen       total 186880K, used 1302K [0x00000000c0000000, 0x00000000cb680000, 0x00000000eab00000)
  object space 186880K, 0% used [0x00000000c0000000,0x00000000c0145a18,0x00000000cb680000)
 Metaspace       used 4806K, capacity 6224K, committed 6528K, reserved 1056768K
  class space    used 534K, capacity 584K, committed 640K, reserved 1048576K
Event: 0.782 GC heap after
Heap after GC invocations=6 (full 0):
 PSYoungGen      total 5632K, used 1344K [0x00000000eab00000, 0x00000000eb200000, 0x0000000100000000)
  eden space 4096K, 0% used [0x00000000eab00000,0x00000000eab00000,0x00000000eaf00000)
  from space 1536K, 87% used [0x00000000eb080000,0x00000000eb1d0018,0x00000000eb200000)
  to   space 1536K, 0% used [0x00000000eaf00000,0x00000000eaf00000,0x00000000eb080000)
 ParOldGen       total 186880K, used 1310K [0x00000000c0000000, 0x00000000cb680000, 0x00000000eab00000)
  object space 186880K, 0% used [0x00000000c0000000,0x00000000c0147a18,0x00000000cb680000)
 Metaspace       used 4806K, capacity 6224K, committed 6528K, reserved 1056768K
  class space    used 534K, capacity 584K, committed 640K, reserved 1048576K
}
Event: 0.963 GC heap before
{Heap before GC invocations=7 (full 0):
 PSYoungGen      total 5632K, used 5440K [0x00000000eab00000, 0x00000000eb200000, 0x0000000100000000)
  eden space 4096K, 100% used [0x00000000eab00000,0x00000000eaf00000,0x00000000eaf00000)
  from space 1536K, 87% used [0x00000000eb080000,0x00000000eb1d0018,0x00000000eb200000)
  to   space 1536K, 0% used [0x00000000eaf00000,0x00000000eaf00000,0x00000000eb080000)
 ParOldGen       total 186880K, used 1310K [0x00000000c0000000, 0x00000000cb680000, 0x00000000eab00000)
  object space 186880K, 0% used [0x00000000c0000000,0x00000000c0147a18,0x00000000cb680000)
 Metaspace       used 5051K, capacity 6448K, committed 6528K, reserved 1056768K
  class space    used 539K, capacity 616K, committed 640K, reserved 1048576K
Event: 1.028 GC heap after
Heap after GC invocations=7 (full 0):
 PSYoungGen      total 5632K, used 1530K [0x00000000eab00000, 0x00000000eb700000, 0x0000000100000000)
  eden space 4096K, 0% used [0x00000000eab00000,0x00000000eab00000,0x00000000eaf00000)
  from space 1536K, 99% used [0x00000000eaf00000,0x00000000eb07e888,0x00000000eb080000)
  to   space 2048K, 0% used [0x00000000eb500000,0x00000000eb500000,0x00000000eb700000)
 ParOldGen       total 186880K, used 1949K [0x00000000c0000000, 0x00000000cb680000, 0x00000000eab00000)
  object space 186880K, 1% used [0x00000000c0000000,0x00000000c01e7798,0x00000000cb680000)
 Metaspace       used 5051K, capacity 6448K, committed 6528K, reserved 1056768K
  class space    used 539K, capacity 616K, committed 640K, reserved 1048576K
}
Event: 1.184 GC heap before
{Heap before GC invocations=8 (full 0):
 PSYoungGen      total 5632K, used 5626K [0x00000000eab00000, 0x00000000eb700000, 0x0000000100000000)
  eden space 4096K, 100% used [0x00000000eab00000,0x00000000eaf00000,0x00000000eaf00000)
  from space 1536K, 99% used [0x00000000eaf00000,0x00000000eb07e888,0x00000000eb080000)
  to   space 2048K, 0% used [0x00000000eb500000,0x00000000eb500000,0x00000000eb700000)
 ParOldGen       total 186880K, used 1949K [0x00000000c0000000, 0x00000000cb680000, 0x00000000eab00000)
  object space 186880K, 1% used [0x00000000c0000000,0x00000000c01e7798,0x00000000cb680000)
 Metaspace       used 5214K, capacity 6640K, committed 6784K, reserved 1056768K
  class space    used 544K, capacity 616K, committed 640K, reserved 1048576K
Event: 1.205 GC heap after
Heap after GC invocations=8 (full 0):
 PSYoungGen      total 9728K, used 1974K [0x00000000eab00000, 0x00000000eb800000, 0x0000000100000000)
  eden space 7680K, 0% used [0x00000000eab00000,0x00000000eab00000,0x00000000eb280000)
  from space 2048K, 96% used [0x00000000eb500000,0x00000000eb6edae0,0x00000000eb700000)
  to   space 2560K, 0% used [0x00000000eb280000,0x00000000eb280000,0x00000000eb500000)
 ParOldGen       total 186880K, used 2301K [0x00000000c0000000, 0x00000000cb680000, 0x00000000eab00000)
  object space 186880K, 1% used [0x00000000c0000000,0x00000000c023f7b0,0x00000000cb680000)
 Metaspace       used 5214K, capacity 6640K, committed 6784K, reserved 1056768K
  class space    used 544K, capacity 616K, committed 640K, reserved 1048576K
}
Event: 1.381 GC heap before
{Heap before GC invocations=9 (full 0):
 PSYoungGen      total 9728K, used 9654K [0x00000000eab00000, 0x00000000eb800000, 0x0000000100000000)
  eden space 7680K, 100% used [0x00000000eab00000,0x00000000eb280000,0x00000000eb280000)
  from space 2048K, 96% used [0x00000000eb500000,0x00000000eb6edae0,0x00000000eb700000)
  to   space 2560K, 0% used [0x00000000eb280000,0x00000000eb280000,0x00000000eb500000)
 ParOldGen       total 186880K, used 2301K [0x00000000c0000000, 0x00000000cb680000, 0x00000000eab00000)
  object space 186880K, 1% used [0x00000000c0000000,0x00000000c023f7b0,0x00000000cb680000)
 Metaspace       used 5331K, capacity 6704K, committed 6784K, reserved 1056768K
  class space    used 548K, capacity 616K, committed 640K, reserved 1048576K
Event: 1.386 GC heap after
Heap after GC invocations=9 (full 0):
 PSYoungGen      total 10240K, used 2550K [0x00000000eab00000, 0x00000000ebe00000, 0x0000000100000000)
  eden space 7680K, 0% used [0x00000000eab00000,0x00000000eab00000,0x00000000eb280000)
  from space 2560K, 99% used [0x00000000eb280000,0x00000000eb4fdae0,0x00000000eb500000)
  to   space 3584K, 0% used [0x00000000eba80000,0x00000000eba80000,0x00000000ebe00000)
 ParOldGen       total 186880K, used 3221K [0x00000000c0000000, 0x00000000cb680000, 0x00000000eab00000)
  object space 186880K, 1% used [0x00000000c0000000,0x00000000c03257b0,0x00000000cb680000)
 Metaspace       used 5331K, capacity 6704K, committed 6784K, reserved 1056768K
  class space    used 548K, capacity 616K, committed 640K, reserved 1048576K
}

Deoptimization events (10 events):
Event: 0.902 Thread 0x00000000021df000 Uncommon trap: reason=bimorphic action=maybe_recompile pc=0x00000000028f5774 method=com.android.dx.cf.iface.StdAttributeList.findFirst(Ljava/lang/String;)Lcom/android/dx/cf/iface/Attribute; @ 21
Event: 0.902 Thread 0x00000000021df000 Uncommon trap: reason=bimorphic action=maybe_recompile pc=0x00000000028f5774 method=com.android.dx.cf.iface.StdAttributeList.findFirst(Ljava/lang/String;)Lcom/android/dx/cf/iface/Attribute; @ 21
Event: 0.902 Thread 0x00000000021df000 Uncommon trap: reason=bimorphic action=maybe_recompile pc=0x00000000028f5774 method=com.android.dx.cf.iface.StdAttributeList.findFirst(Ljava/lang/String;)Lcom/android/dx/cf/iface/Attribute; @ 21
Event: 0.902 Thread 0x00000000021df000 Uncommon trap: reason=bimorphic action=maybe_recompile pc=0x00000000028f5774 method=com.android.dx.cf.iface.StdAttributeList.findFirst(Ljava/lang/String;)Lcom/android/dx/cf/iface/Attribute; @ 21
Event: 0.953 Thread 0x00000000021df000 Uncommon trap: reason=unreached action=reinterpret pc=0x00000000028ff178 method=java.util.TreeMap.fixAfterInsertion(Ljava/util/TreeMap$Entry;)V @ 212
Event: 1.035 Thread 0x00000000021df000 Uncommon trap: reason=unloaded action=reinterpret pc=0x00000000029b4240 method=com.android.dx.cf.cst.ConstantPoolParser.parse0(ILjava/util/BitSet;)Lcom/android/dx/rop/cst/Constant; @ 345
Event: 1.212 Thread 0x00000000021df000 Uncommon trap: reason=class_check action=maybe_recompile pc=0x0000000002a6f550 method=com.android.dx.rop.type.Type.equals(Ljava/lang/Object;)Z @ 8
Event: 1.217 Thread 0x00000000021df000 Uncommon trap: reason=class_check action=maybe_recompile pc=0x0000000002a6f550 method=com.android.dx.rop.type.Type.equals(Ljava/lang/Object;)Z @ 8
Event: 1.251 Thread 0x00000000021df000 Uncommon trap: reason=class_check action=maybe_recompile pc=0x0000000002a6f550 method=com.android.dx.rop.type.Type.equals(Ljava/lang/Object;)Z @ 8
Event: 1.252 Thread 0x00000000021df000 Uncommon trap: reason=class_check action=maybe_recompile pc=0x0000000002a6f550 method=com.android.dx.rop.type.Type.equals(Ljava/lang/Object;)Z @ 8

Internal exceptions (10 events):
Event: 1.060 Thread 0x00000000021df000 Exception <a 'java/security/PrivilegedActionException'> (0x00000000eab80268) thrown at [D:\re\workspace\8-2-build-windows-amd64-cygwin\jdk8u5\2488\hotspot\src\share\vm\prims\jvm.cpp, line 1248]
Event: 1.061 Thread 0x00000000021df000 Exception <a 'java/security/PrivilegedActionException'> (0x00000000eab83888) thrown at [D:\re\workspace\8-2-build-windows-amd64-cygwin\jdk8u5\2488\hotspot\src\share\vm\prims\jvm.cpp, line 1248]
Event: 1.065 Thread 0x00000000021df000 Exception <a 'java/security/PrivilegedActionException'> (0x00000000eab9f730) thrown at [D:\re\workspace\8-2-build-windows-amd64-cygwin\jdk8u5\2488\hotspot\src\share\vm\prims\jvm.cpp, line 1248]
Event: 1.069 Thread 0x00000000021df000 Exception <a 'java/security/PrivilegedActionException'> (0x00000000eabbbc10) thrown at [D:\re\workspace\8-2-build-windows-amd64-cygwin\jdk8u5\2488\hotspot\src\share\vm\prims\jvm.cpp, line 1248]
Event: 1.086 Thread 0x00000000021df000 Exception <a 'java/security/PrivilegedActionException'> (0x00000000eac207d8) thrown at [D:\re\workspace\8-2-build-windows-amd64-cygwin\jdk8u5\2488\hotspot\src\share\vm\prims\jvm.cpp, line 1248]
Event: 1.098 Thread 0x00000000021df000 Exception <a 'java/security/PrivilegedActionException'> (0x00000000eac78198) thrown at [D:\re\workspace\8-2-build-windows-amd64-cygwin\jdk8u5\2488\hotspot\src\share\vm\prims\jvm.cpp, line 1248]
Event: 1.099 Thread 0x00000000021df000 Exception <a 'java/security/PrivilegedActionException'> (0x00000000eac81cb8) thrown at [D:\re\workspace\8-2-build-windows-amd64-cygwin\jdk8u5\2488\hotspot\src\share\vm\prims\jvm.cpp, line 1248]
Event: 1.212 Thread 0x00000000021df000 Exception <a 'java/security/PrivilegedActionException'> (0x00000000eab26d70) thrown at [D:\re\workspace\8-2-build-windows-amd64-cygwin\jdk8u5\2488\hotspot\src\share\vm\prims\jvm.cpp, line 1248]
Event: 1.275 Thread 0x00000000021df000 Exception <a 'java/security/PrivilegedActionException'> (0x00000000ead057b0) thrown at [D:\re\workspace\8-2-build-windows-amd64-cygwin\jdk8u5\2488\hotspot\src\share\vm\prims\jvm.cpp, line 1248]
Event: 1.277 Thread 0x00000000021df000 Exception <a 'java/security/PrivilegedActionException'> (0x00000000ead144f0) thrown at [D:\re\workspace\8-2-build-windows-amd64-cygwin\jdk8u5\2488\hotspot\src\share\vm\prims\jvm.cpp, line 1248]

Events (10 events):
Event: 1.273 loading class java/util/TreeMap$EntryIterator
Event: 1.273 loading class java/util/TreeMap$EntryIterator done
Event: 1.275 loading class com/android/dx/dex/file/MethodAnnotationStruct
Event: 1.275 loading class com/android/dx/dex/file/MethodAnnotationStruct done
Event: 1.277 loading class com/android/dx/cf/attrib/AttExceptions
Event: 1.277 loading class com/android/dx/cf/attrib/AttExceptions done
Event: 1.380 Executing VM operation: ParallelGCFailedAllocation
Event: 1.386 Executing VM operation: ParallelGCFailedAllocation done
Event: 1.406 loading class java/util/zip/ZipFile$ZipEntryIterator
Event: 1.406 loading class java/util/zip/ZipFile$ZipEntryIterator done


Dynamic libraries:
0x000000013f2d0000 - 0x000000013f304000 	C:\Program Files\Java\jdk1.8.0_05\bin\java.exe
0x0000000077540000 - 0x00000000776e9000 	C:\Windows\SYSTEM32\ntdll.dll
0x0000000077320000 - 0x000000007743f000 	C:\Windows\system32\kernel32.dll
0x000007fefd540000 - 0x000007fefd5ab000 	C:\Windows\system32\KERNELBASE.dll
0x000007fefd930000 - 0x000007fefda0b000 	C:\Windows\system32\ADVAPI32.dll
0x000007feff420000 - 0x000007feff4bf000 	C:\Windows\system32\msvcrt.dll
0x000007fefd870000 - 0x000007fefd88f000 	C:\Windows\SYSTEM32\sechost.dll
0x000007fefed00000 - 0x000007fefee2d000 	C:\Windows\system32\RPCRT4.dll
0x0000000077440000 - 0x000000007753a000 	C:\Windows\system32\USER32.dll
0x000007feff3b0000 - 0x000007feff417000 	C:\Windows\system32\GDI32.dll
0x000007fefd860000 - 0x000007fefd86e000 	C:\Windows\system32\LPK.dll
0x000007fefeb40000 - 0x000007fefec09000 	C:\Windows\system32\USP10.dll
0x000007fefbee0000 - 0x000007fefc0d4000 	C:\Windows\WinSxS\amd64_microsoft.windows.common-controls_6595b64144ccf1df_6.0.7601.17514_none_fa396087175ac9ac\COMCTL32.dll
0x000007fefda10000 - 0x000007fefda81000 	C:\Windows\system32\SHLWAPI.dll
0x000007feff300000 - 0x000007feff32e000 	C:\Windows\system32\IMM32.DLL
0x000007fefefb0000 - 0x000007feff0b9000 	C:\Windows\system32\MSCTF.dll
0x00000000541a0000 - 0x0000000054272000 	C:\Program Files\Java\jdk1.8.0_05\jre\bin\msvcr100.dll
0x0000000055f20000 - 0x000000005674a000 	C:\Program Files\Java\jdk1.8.0_05\jre\bin\server\jvm.dll
0x000007feee5c0000 - 0x000007feee5c9000 	C:\Windows\system32\WSOCK32.dll
0x000007fefee30000 - 0x000007fefee7d000 	C:\Windows\system32\WS2_32.dll
0x000007fefecf0000 - 0x000007fefecf8000 	C:\Windows\system32\NSI.dll
0x000007fefb590000 - 0x000007fefb5cb000 	C:\Windows\system32\WINMM.dll
0x0000000077710000 - 0x0000000077717000 	C:\Windows\system32\PSAPI.DLL
0x0000000069820000 - 0x000000006982f000 	C:\Program Files\Java\jdk1.8.0_05\jre\bin\verify.dll
0x000000005ae60000 - 0x000000005ae88000 	C:\Program Files\Java\jdk1.8.0_05\jre\bin\java.dll
0x000000005e110000 - 0x000000005e126000 	C:\Program Files\Java\jdk1.8.0_05\jre\bin\zip.dll
0x000007fefdb30000 - 0x000007fefe8b8000 	C:\Windows\system32\SHELL32.dll
0x000007feff4c0000 - 0x000007feff6c3000 	C:\Windows\system32\ole32.dll
0x000007fefd490000 - 0x000007fefd49f000 	C:\Windows\system32\profapi.dll
0x000007fef00e0000 - 0x000007fef0205000 	C:\Windows\system32\dbghelp.dll

VM Arguments:
jvm_args: -Xmx1024M -Dfile.encoding=windows-1252 -Duser.country=PE -Duser.language=es -Duser.variant 
java_command: com.android.dx.command.Main --dex --output C:\Users\Rodolfo\Desktop\Ventas\app\build\intermediates\dex\debug C:\Users\Rodolfo\Desktop\Ventas\app\build\intermediates\classes\debug C:\Users\Rodolfo\Desktop\Ventas\app\build\intermediates\pre-dexed\debug\support-annotations-22.2.1-5fa143a06c42a770da40ff1593bc6131b699cf1b.jar C:\Users\Rodolfo\Desktop\Ventas\app\build\intermediates\pre-dexed\debug\classes-95fb53b5204485ae713ea50b1bbf8c3011410a16.jar C:\Users\Rodolfo\Desktop\Ventas\app\build\intermediates\pre-dexed\debug\classes-94443c14467603e01c05cb16aa0a9bd1c25efc99.jar C:\Users\Rodolfo\Desktop\Ventas\app\build\intermediates\pre-dexed\debug\internal_impl-22.2.1-d0c7ccd226a53847bf17830f7147225a79270388.jar C:\Users\Rodolfo\Desktop\Ventas\app\build\intermediates\pre-dexed\debug\classes-bbe092a6023fa3820ac34a6e53c972fdaff118b5.jar C:\Users\Rodolfo\Desktop\Ventas\app\build\intermediates\pre-dexed\debug\classes-6733861d1373629aeee2ff7cbefdc147fd402808.jar C:\Users\Rodolfo\Desktop\Ventas\app\build\intermediates\pre-dexed\debug\classes-7629005d3fcdac13710fe0d0fd5b2e37e9bdb0b8.jar
java_class_path (initial): C:\Users\Rodolfo\AppData\Local\Android\sdk\build-tools\22.0.1\lib\dx.jar
Launcher Type: SUN_STANDARD

Environment Variables:
JAVA_HOME=C:\Program Files\Java\jdk1.8.0_05
PATH=C:\ProgramData\Oracle\Java\javapath;C:\Program Files (x86)\Common Files\Intel\Shared Files\cpp\bin\Intel64;C:\Program Files (x86)\AMD APP\bin\x86_64;C:\Program Files (x86)\AMD APP\bin\x86;C:\Windows\system32;C:\Windows;C:\Windows\System32\Wbem;C:\Windows\System32\WindowsPowerShell\v1.0\;C:\Program Files (x86)\ATI Technologies\ATI.ACE\Core-Static;C:\Program Files (x86)\Microsoft ASP.NET\ASP.NET Web Pages\v1.0\;C:\Program Files (x86)\Windows Kits\8.0\Windows Performance Toolkit\;C:\Program Files\Microsoft SQL Server\110\Tools\Binn\;C:\Program Files\nodejs\;C:\Program Files (x86)\Microsoft SQL Server\90\Tools\binn\;C:\Program Files\Microsoft SQL Server\110\DTS\Binn\;C:\Program Files (x86)\Microsoft SQL Server\110\Tools\Binn\;C:\Program Files (x86)\Microsoft SQL Server\110\Tools\Binn\ManagementStudio\;C:\Program Files (x86)\Microsoft Visual Studio 10.0\Common7\IDE\PrivateAssemblies\;C:\Program Files (x86)\Microsoft SQL Server\110\DTS\Binn\;C:\Program Files (x86)\Microsoft Visual Studio 11.0\Common7\IDE\PrivateAssemblies\;C:\Program Files (x86)\Microsoft SQL Server\100\Tools\Binn\;C:\Program Files\Microsoft SQL Server\100\Tools\Binn\;C:\Program Files\Microsoft SQL Server\100\DTS\Binn\;C:\Program Files (x86)\Microsoft SQL Server\100\Tools\Binn\VSShell\Common7\IDE\;C:\Program Files (x86)\Microsoft Visual Studio 9.0\Common7\IDE\PrivateAssemblies\;C:\Program Files (x86)\Microsoft SQL Server\100\DTS\Binn\;C:\Program Files\Microsoft\Web Platform Installer\;C:\Users\Rodolfo\AppData\Roaming\npm;C:\Program Files (x86)\Java\jdk1.7.0_40\bin
USERNAME=Rodolfo
OS=Windows_NT
PROCESSOR_IDENTIFIER=AMD64 Family 21 Model 16 Stepping 1, AuthenticAMD



---------------  S Y S T E M  ---------------

OS: Windows 7 , 64 bit Build 7601 Service Pack 1

CPU:total 4 (4 cores per cpu, 1 threads per core) family 21 model 16 stepping 1, cmov, cx8, fxsr, mmx, sse, sse2, sse3, ssse3, sse4.1, sse4.2, popcnt, avx, aes, clmul, mmxext, 3dnowpref, lzcnt, sse4a, tsc, tscinvbit

Memory: 4k page, physical 12007892k(1361008k free), swap 12006048k(5036k free)

vm_info: Java HotSpot(TM) 64-Bit Server VM (25.5-b02) for windows-amd64 JRE (1.8.0_05-b13), built on Mar 18 2014 01:08:39 by "java_re" with MS VC++ 10.0 (VS2010)

time: Fri Sep 11 14:57:51 2015
elapsed time: 1 seconds

